2022-01-24T18:34:32.979835-00:00 0 [System] [MY-013169] [Server] /usr/sbin/mysqld (mysqld 8.0.28) initializing of server in progress as process 44
2022-01-24T18:34:32.992552-00:00 0 [Warning] [MY-010159] [Server] Setting lower_case_table_names=2 because file system for /var/lib/mysql/ is case insensitive
2022-01-24T18:34:33.012351-00:00 1 [System] [MY-013576] [InnoDB] InnoDB initialization has started.
2022-01-24T18:34:36.858651-00:00 1 [System] [MY-013577] [InnoDB] InnoDB initialization has ended.
2022-01-24T18:34:41.495355-00:00 6 [Warning] [MY-010453] [Server] root@localhost is created with an empty password ! Please consider switching off the --initialize-insecure option.
2022-01-24T18:35:10.031308-00:00 0 [System] [MY-010116] [Server] /usr/sbin/mysqld (mysqld 8.0.28) starting as process 93
2022-01-24T18:35:10.043207-00:00 0 [Warning] [MY-010159] [Server] Setting lower_case_table_names=2 because file system for /var/lib/mysql/ is case insensitive
2022-01-24T18:35:10.112913-00:00 1 [System] [MY-013576] [InnoDB] InnoDB initialization has started.
2022-01-24T18:35:11.982721-00:00 1 [System] [MY-013577] [InnoDB] InnoDB initialization has ended.
2022-01-24T18:35:12.870686-00:00 0 [Warning] [MY-010068] [Server] CA certificate ca.pem is self signed.
2022-01-24T18:35:12.872106-00:00 0 [System] [MY-013602] [Server] Channel mysql_main configured to support TLS. Encrypted connections are now supported for this channel.
2022-01-24T18:35:12.883177-00:00 0 [Warning] [MY-011810] [Server] Insecure configuration for --pid-file: Location '/var/run/mysqld' in the path is accessible to all OS users. Consider choosing a different directory.
2022-01-24T18:35:13.056359-00:00 0 [System] [MY-011323] [Server] X Plugin ready for connections. Socket: /var/run/mysqld/mysqlx.sock
2022-01-24T18:35:13.056647-00:00 0 [System] [MY-010931] [Server] /usr/sbin/mysqld: ready for connections. Version: '8.0.28'  socket: '/var/run/mysqld/mysqld.sock'  port: 0  MySQL Community Server - GPL.
2022-01-24T18:35:58.963994-00:00 13 [System] [MY-013172] [Server] Received SHUTDOWN from user root. Shutting down mysqld (Version: 8.0.28).
2022-01-24T18:36:01.219590-00:00 0 [System] [MY-010910] [Server] /usr/sbin/mysqld: Shutdown complete (mysqld 8.0.28)  MySQL Community Server - GPL.
2022-01-24T18:36:02.469125-00:00 0 [System] [MY-010116] [Server] /usr/sbin/mysqld (mysqld 8.0.28) starting as process 1
2022-01-24T18:36:02.485662-00:00 0 [Warning] [MY-010159] [Server] Setting lower_case_table_names=2 because file system for /var/lib/mysql/ is case insensitive
2022-01-24T18:36:02.539277-00:00 1 [System] [MY-013576] [InnoDB] InnoDB initialization has started.
2022-01-24T18:36:04.322232-00:00 1 [System] [MY-013577] [InnoDB] InnoDB initialization has ended.
2022-01-24T18:36:05.512218-00:00 0 [Warning] [MY-010068] [Server] CA certificate ca.pem is self signed.
2022-01-24T18:36:05.514311-00:00 0 [System] [MY-013602] [Server] Channel mysql_main configured to support TLS. Encrypted connections are now supported for this channel.
2022-01-24T18:36:05.536445-00:00 0 [Warning] [MY-011810] [Server] Insecure configuration for --pid-file: Location '/var/run/mysqld' in the path is accessible to all OS users. Consider choosing a different directory.
2022-01-24T18:36:05.747529-00:00 0 [System] [MY-010931] [Server] /usr/sbin/mysqld: ready for connections. Version: '8.0.28'  socket: '/var/run/mysqld/mysqld.sock'  port: 3306  MySQL Community Server - GPL.
2022-01-24T18:36:05.747990-00:00 0 [System] [MY-011323] [Server] X Plugin ready for connections. Bind-address: '::' port: 33060, socket: /var/run/mysqld/mysqlx.sock
2022-01-24T18:49:14.559379-00:00 0 [System] [MY-013172] [Server] Received SHUTDOWN from user <via user signal>. Shutting down mysqld (Version: 8.0.28).
2022-01-24T18:49:15.781531-00:00 0 [System] [MY-010910] [Server] /usr/sbin/mysqld: Shutdown complete (mysqld 8.0.28)  MySQL Community Server - GPL.
2022-01-24T18:51:22.991588-00:00 0 [System] [MY-010116] [Server] /usr/sbin/mysqld (mysqld 8.0.28) starting as process 1
2022-01-24T18:51:23.008209-00:00 0 [Warning] [MY-010159] [Server] Setting lower_case_table_names=2 because file system for /var/lib/mysql/ is case insensitive
2022-01-24T18:51:23.062135-00:00 1 [System] [MY-013576] [InnoDB] InnoDB initialization has started.
2022-01-24T18:51:25.110433-00:00 1 [System] [MY-013577] [InnoDB] InnoDB initialization has ended.
2022-01-24T18:51:26.740847-00:00 0 [Warning] [MY-010068] [Server] CA certificate ca.pem is self signed.
2022-01-24T18:51:26.743074-00:00 0 [System] [MY-013602] [Server] Channel mysql_main configured to support TLS. Encrypted connections are now supported for this channel.
2022-01-24T18:51:26.763057-00:00 0 [Warning] [MY-011810] [Server] Insecure configuration for --pid-file: Location '/var/run/mysqld' in the path is accessible to all OS users. Consider choosing a different directory.
2022-01-24T18:51:27.074216-00:00 0 [System] [MY-011323] [Server] X Plugin ready for connections. Bind-address: '::' port: 33060, socket: /var/run/mysqld/mysqlx.sock
2022-01-24T18:51:27.074936-00:00 0 [System] [MY-010931] [Server] /usr/sbin/mysqld: ready for connections. Version: '8.0.28'  socket: '/var/run/mysqld/mysqld.sock'  port: 3306  MySQL Community Server - GPL.
2022-01-26T05:29:34.257878-00:00 0 [System] [MY-010116] [Server] /usr/sbin/mysqld (mysqld 8.0.28) starting as process 1
2022-01-26T05:29:34.277966-00:00 0 [Warning] [MY-010159] [Server] Setting lower_case_table_names=2 because file system for /var/lib/mysql/ is case insensitive
2022-01-26T05:29:34.385934-00:00 1 [System] [MY-013576] [InnoDB] InnoDB initialization has started.
2022-01-26T05:29:38.721507-00:00 1 [System] [MY-013577] [InnoDB] InnoDB initialization has ended.
2022-01-26T05:29:41.068642-00:00 0 [System] [MY-010229] [Server] Starting XA crash recovery...
2022-01-26T05:29:41.247708-00:00 0 [System] [MY-010232] [Server] XA crash recovery finished.
2022-01-26T05:29:41.435931-00:00 0 [Warning] [MY-010068] [Server] CA certificate ca.pem is self signed.
2022-01-26T05:29:41.437857-00:00 0 [System] [MY-013602] [Server] Channel mysql_main configured to support TLS. Encrypted connections are now supported for this channel.
2022-01-26T05:29:41.491887-00:00 0 [Warning] [MY-011810] [Server] Insecure configuration for --pid-file: Location '/var/run/mysqld' in the path is accessible to all OS users. Consider choosing a different directory.
2022-01-26T05:29:41.926378-00:00 0 [System] [MY-011323] [Server] X Plugin ready for connections. Bind-address: '::' port: 33060, socket: /var/run/mysqld/mysqlx.sock
2022-01-26T05:29:41.926870-00:00 0 [System] [MY-010931] [Server] /usr/sbin/mysqld: ready for connections. Version: '8.0.28'  socket: '/var/run/mysqld/mysqld.sock'  port: 3306  MySQL Community Server - GPL.
2022-01-26T06:16:53.228521-00:00 0 [System] [MY-013172] [Server] Received SHUTDOWN from user <via user signal>. Shutting down mysqld (Version: 8.0.28).
2022-01-26T06:16:57.623734-00:00 0 [System] [MY-010910] [Server] /usr/sbin/mysqld: Shutdown complete (mysqld 8.0.28)  MySQL Community Server - GPL.
2022-01-26T06:17:16.043485-00:00 0 [System] [MY-010116] [Server] /usr/sbin/mysqld (mysqld 8.0.28) starting as process 1
2022-01-26T06:17:16.057232-00:00 0 [Warning] [MY-010159] [Server] Setting lower_case_table_names=2 because file system for /var/lib/mysql/ is case insensitive
2022-01-26T06:17:16.117893-00:00 1 [System] [MY-013576] [InnoDB] InnoDB initialization has started.
2022-01-26T06:17:18.485555-00:00 1 [System] [MY-013577] [InnoDB] InnoDB initialization has ended.
2022-01-26T06:17:20.624684-00:00 0 [Warning] [MY-010068] [Server] CA certificate ca.pem is self signed.
2022-01-26T06:17:20.626645-00:00 0 [System] [MY-013602] [Server] Channel mysql_main configured to support TLS. Encrypted connections are now supported for this channel.
2022-01-26T06:17:20.649431-00:00 0 [Warning] [MY-011810] [Server] Insecure configuration for --pid-file: Location '/var/run/mysqld' in the path is accessible to all OS users. Consider choosing a different directory.
2022-01-26T06:17:21.032067-00:00 0 [System] [MY-011323] [Server] X Plugin ready for connections. Bind-address: '::' port: 33060, socket: /var/run/mysqld/mysqlx.sock
2022-01-26T06:17:21.032579-00:00 0 [System] [MY-010931] [Server] /usr/sbin/mysqld: ready for connections. Version: '8.0.28'  socket: '/var/run/mysqld/mysqld.sock'  port: 3306  MySQL Community Server - GPL.
2022-01-27T06:31:40.706470-00:00 0 [System] [MY-010116] [Server] /usr/sbin/mysqld (mysqld 8.0.28) starting as process 1
2022-01-27T06:31:40.813725-00:00 0 [Warning] [MY-010159] [Server] Setting lower_case_table_names=2 because file system for /var/lib/mysql/ is case insensitive
2022-01-27T06:31:40.930147-00:00 1 [System] [MY-013576] [InnoDB] InnoDB initialization has started.
2022-01-27T06:31:51.434004-00:00 1 [System] [MY-013577] [InnoDB] InnoDB initialization has ended.
2022-01-27T06:31:56.100377-00:00 0 [System] [MY-010229] [Server] Starting XA crash recovery...
2022-01-27T06:31:56.175763-00:00 0 [System] [MY-010232] [Server] XA crash recovery finished.
2022-01-27T06:31:56.521287-00:00 0 [Warning] [MY-010068] [Server] CA certificate ca.pem is self signed.
2022-01-27T06:31:56.525798-00:00 0 [System] [MY-013602] [Server] Channel mysql_main configured to support TLS. Encrypted connections are now supported for this channel.
2022-01-27T06:31:56.582797-00:00 0 [Warning] [MY-011810] [Server] Insecure configuration for --pid-file: Location '/var/run/mysqld' in the path is accessible to all OS users. Consider choosing a different directory.
2022-01-27T06:31:57.108131-00:00 0 [System] [MY-011323] [Server] X Plugin ready for connections. Bind-address: '::' port: 33060, socket: /var/run/mysqld/mysqlx.sock
2022-01-27T06:31:57.109305-00:00 0 [System] [MY-010931] [Server] /usr/sbin/mysqld: ready for connections. Version: '8.0.28'  socket: '/var/run/mysqld/mysqld.sock'  port: 3306  MySQL Community Server - GPL.
2022-01-27T06:39:19.863154-00:00 0 [System] [MY-013172] [Server] Received SHUTDOWN from user <via user signal>. Shutting down mysqld (Version: 8.0.28).
2022-01-27T06:39:21.978653-00:00 0 [System] [MY-010910] [Server] /usr/sbin/mysqld: Shutdown complete (mysqld 8.0.28)  MySQL Community Server - GPL.
2022-01-27T06:42:52.365504-00:00 0 [System] [MY-010116] [Server] /usr/sbin/mysqld (mysqld 8.0.28) starting as process 1
2022-01-27T06:42:52.387246-00:00 0 [Warning] [MY-010159] [Server] Setting lower_case_table_names=2 because file system for /var/lib/mysql/ is case insensitive
2022-01-27T06:42:52.460053-00:00 1 [System] [MY-013576] [InnoDB] InnoDB initialization has started.
2022-01-27T06:42:54.258194-00:00 1 [System] [MY-013577] [InnoDB] InnoDB initialization has ended.
2022-01-27T06:42:55.118358-00:00 0 [Warning] [MY-010068] [Server] CA certificate ca.pem is self signed.
2022-01-27T06:42:55.120792-00:00 0 [System] [MY-013602] [Server] Channel mysql_main configured to support TLS. Encrypted connections are now supported for this channel.
2022-01-27T06:42:55.137986-00:00 0 [Warning] [MY-011810] [Server] Insecure configuration for --pid-file: Location '/var/run/mysqld' in the path is accessible to all OS users. Consider choosing a different directory.
2022-01-27T06:42:55.348829-00:00 0 [System] [MY-011323] [Server] X Plugin ready for connections. Bind-address: '::' port: 33060, socket: /var/run/mysqld/mysqlx.sock
2022-01-27T06:42:55.349485-00:00 0 [System] [MY-010931] [Server] /usr/sbin/mysqld: ready for connections. Version: '8.0.28'  socket: '/var/run/mysqld/mysqld.sock'  port: 3306  MySQL Community Server - GPL.
2022-01-27T16:32:29.546181-00:00 0 [System] [MY-013172] [Server] Received SHUTDOWN from user <via user signal>. Shutting down mysqld (Version: 8.0.28).
2022-01-27T16:32:33.526627-00:00 0 [System] [MY-010910] [Server] /usr/sbin/mysqld: Shutdown complete (mysqld 8.0.28)  MySQL Community Server - GPL.
2022-01-28T01:56:47.944256-00:00 0 [System] [MY-010116] [Server] /usr/sbin/mysqld (mysqld 8.0.28) starting as process 1
2022-01-28T01:56:47.984052-00:00 0 [Warning] [MY-010159] [Server] Setting lower_case_table_names=2 because file system for /var/lib/mysql/ is case insensitive
2022-01-28T01:56:48.087570-00:00 1 [System] [MY-013576] [InnoDB] InnoDB initialization has started.
2022-01-28T01:56:51.320942-00:00 1 [System] [MY-013577] [InnoDB] InnoDB initialization has ended.
2022-01-28T01:56:53.077921-00:00 0 [Warning] [MY-010068] [Server] CA certificate ca.pem is self signed.
2022-01-28T01:56:53.080524-00:00 0 [System] [MY-013602] [Server] Channel mysql_main configured to support TLS. Encrypted connections are now supported for this channel.
2022-01-28T01:56:53.114456-00:00 0 [Warning] [MY-011810] [Server] Insecure configuration for --pid-file: Location '/var/run/mysqld' in the path is accessible to all OS users. Consider choosing a different directory.
2022-01-28T01:56:53.516837-00:00 0 [System] [MY-011323] [Server] X Plugin ready for connections. Bind-address: '::' port: 33060, socket: /var/run/mysqld/mysqlx.sock
2022-01-28T01:56:53.517586-00:00 0 [System] [MY-010931] [Server] /usr/sbin/mysqld: ready for connections. Version: '8.0.28'  socket: '/var/run/mysqld/mysqld.sock'  port: 3306  MySQL Community Server - GPL.
2022-01-28T15:31:05.848537-00:00 0 [System] [MY-013172] [Server] Received SHUTDOWN from user <via user signal>. Shutting down mysqld (Version: 8.0.28).
2022-01-28T15:31:15.641916-00:00 0 [System] [MY-010910] [Server] /usr/sbin/mysqld: Shutdown complete (mysqld 8.0.28)  MySQL Community Server - GPL.
2022-01-31T06:14:31.553333-00:00 0 [System] [MY-010116] [Server] /usr/sbin/mysqld (mysqld 8.0.28) starting as process 1
2022-01-31T06:14:31.575484-00:00 0 [Warning] [MY-010159] [Server] Setting lower_case_table_names=2 because file system for /var/lib/mysql/ is case insensitive
2022-01-31T06:14:31.636812-00:00 1 [System] [MY-013576] [InnoDB] InnoDB initialization has started.
2022-01-31T06:14:33.235749-00:00 1 [System] [MY-013577] [InnoDB] InnoDB initialization has ended.
2022-01-31T06:14:34.041801-00:00 0 [Warning] [MY-010068] [Server] CA certificate ca.pem is self signed.
2022-01-31T06:14:34.042672-00:00 0 [System] [MY-013602] [Server] Channel mysql_main configured to support TLS. Encrypted connections are now supported for this channel.
2022-01-31T06:14:34.054635-00:00 0 [Warning] [MY-011810] [Server] Insecure configuration for --pid-file: Location '/var/run/mysqld' in the path is accessible to all OS users. Consider choosing a different directory.
2022-01-31T06:14:34.246346-00:00 0 [System] [MY-011323] [Server] X Plugin ready for connections. Bind-address: '::' port: 33060, socket: /var/run/mysqld/mysqlx.sock
2022-01-31T06:14:34.246996-00:00 0 [System] [MY-010931] [Server] /usr/sbin/mysqld: ready for connections. Version: '8.0.28'  socket: '/var/run/mysqld/mysqld.sock'  port: 3306  MySQL Community Server - GPL.
2022-01-31T06:14:50.861203-00:00 0 [System] [MY-013172] [Server] Received SHUTDOWN from user <via user signal>. Shutting down mysqld (Version: 8.0.28).
2022-01-31T06:14:52.487750-00:00 0 [System] [MY-010910] [Server] /usr/sbin/mysqld: Shutdown complete (mysqld 8.0.28)  MySQL Community Server - GPL.
2022-01-31T06:16:27.325717-00:00 0 [System] [MY-010116] [Server] /usr/sbin/mysqld (mysqld 8.0.28) starting as process 1
2022-01-31T06:16:27.339493-00:00 0 [Warning] [MY-010159] [Server] Setting lower_case_table_names=2 because file system for /var/lib/mysql/ is case insensitive
2022-01-31T06:16:27.367780-00:00 1 [System] [MY-013576] [InnoDB] InnoDB initialization has started.
2022-01-31T06:16:28.695821-00:00 1 [System] [MY-013577] [InnoDB] InnoDB initialization has ended.
2022-01-31T06:16:29.405955-00:00 0 [Warning] [MY-010068] [Server] CA certificate ca.pem is self signed.
2022-01-31T06:16:29.407465-00:00 0 [System] [MY-013602] [Server] Channel mysql_main configured to support TLS. Encrypted connections are now supported for this channel.
2022-01-31T06:16:29.438314-00:00 0 [Warning] [MY-011810] [Server] Insecure configuration for --pid-file: Location '/var/run/mysqld' in the path is accessible to all OS users. Consider choosing a different directory.
2022-01-31T06:16:29.627130-00:00 0 [System] [MY-011323] [Server] X Plugin ready for connections. Bind-address: '::' port: 33060, socket: /var/run/mysqld/mysqlx.sock
2022-01-31T06:16:29.627230-00:00 0 [System] [MY-010931] [Server] /usr/sbin/mysqld: ready for connections. Version: '8.0.28'  socket: '/var/run/mysqld/mysqld.sock'  port: 3306  MySQL Community Server - GPL.
2022-01-31T10:06:43.230004-00:00 0 [System] [MY-013172] [Server] Received SHUTDOWN from user <via user signal>. Shutting down mysqld (Version: 8.0.28).
2022-01-31T10:06:45.944975-00:00 0 [System] [MY-010910] [Server] /usr/sbin/mysqld: Shutdown complete (mysqld 8.0.28)  MySQL Community Server - GPL.
2022-02-02T03:02:14.785981-00:00 0 [System] [MY-010116] [Server] /usr/sbin/mysqld (mysqld 8.0.28) starting as process 1
2022-02-02T03:02:14.861156-00:00 0 [Warning] [MY-010159] [Server] Setting lower_case_table_names=2 because file system for /var/lib/mysql/ is case insensitive
2022-02-02T03:02:15.060061-00:00 1 [System] [MY-013576] [InnoDB] InnoDB initialization has started.
2022-02-02T03:02:24.719897-00:00 1 [System] [MY-013577] [InnoDB] InnoDB initialization has ended.
2022-02-02T03:02:26.767503-00:00 0 [Warning] [MY-010068] [Server] CA certificate ca.pem is self signed.
2022-02-02T03:02:26.769925-00:00 0 [System] [MY-013602] [Server] Channel mysql_main configured to support TLS. Encrypted connections are now supported for this channel.
2022-02-02T03:02:26.809853-00:00 0 [Warning] [MY-011810] [Server] Insecure configuration for --pid-file: Location '/var/run/mysqld' in the path is accessible to all OS users. Consider choosing a different directory.
2022-02-02T03:02:27.622714-00:00 0 [System] [MY-011323] [Server] X Plugin ready for connections. Bind-address: '::' port: 33060, socket: /var/run/mysqld/mysqlx.sock
2022-02-02T03:02:27.623137-00:00 0 [System] [MY-010931] [Server] /usr/sbin/mysqld: ready for connections. Version: '8.0.28'  socket: '/var/run/mysqld/mysqld.sock'  port: 3306  MySQL Community Server - GPL.
2022-02-02T07:45:11.767705-00:00 0 [System] [MY-013172] [Server] Received SHUTDOWN from user <via user signal>. Shutting down mysqld (Version: 8.0.28).
2022-02-02T07:45:13.844007-00:00 0 [Warning] [MY-010909] [Server] /usr/sbin/mysqld: Forcing close of thread 61  user: 'laravel'.
2022-02-02T07:45:15.822071-00:00 0 [System] [MY-010910] [Server] /usr/sbin/mysqld: Shutdown complete (mysqld 8.0.28)  MySQL Community Server - GPL.
2022-02-02T07:46:30.248449-00:00 0 [System] [MY-010116] [Server] /usr/sbin/mysqld (mysqld 8.0.28) starting as process 1
2022-02-02T07:46:30.260628-00:00 0 [Warning] [MY-010159] [Server] Setting lower_case_table_names=2 because file system for /var/lib/mysql/ is case insensitive
2022-02-02T07:46:30.304525-00:00 1 [System] [MY-013576] [InnoDB] InnoDB initialization has started.
2022-02-02T07:46:32.923765-00:00 1 [System] [MY-013577] [InnoDB] InnoDB initialization has ended.
2022-02-02T07:46:33.678131-00:00 0 [Warning] [MY-010068] [Server] CA certificate ca.pem is self signed.
2022-02-02T07:46:33.679125-00:00 0 [System] [MY-013602] [Server] Channel mysql_main configured to support TLS. Encrypted connections are now supported for this channel.
2022-02-02T07:46:33.693074-00:00 0 [Warning] [MY-011810] [Server] Insecure configuration for --pid-file: Location '/var/run/mysqld' in the path is accessible to all OS users. Consider choosing a different directory.
2022-02-02T07:46:33.991957-00:00 0 [System] [MY-010931] [Server] /usr/sbin/mysqld: ready for connections. Version: '8.0.28'  socket: '/var/run/mysqld/mysqld.sock'  port: 3306  MySQL Community Server - GPL.
2022-02-02T07:46:33.992277-00:00 0 [System] [MY-011323] [Server] X Plugin ready for connections. Bind-address: '::' port: 33060, socket: /var/run/mysqld/mysqlx.sock
2022-02-02T13:01:32.020496-00:00 0 [System] [MY-013172] [Server] Received SHUTDOWN from user <via user signal>. Shutting down mysqld (Version: 8.0.28).
2022-02-02T13:01:34.120197-00:00 0 [Warning] [MY-010909] [Server] /usr/sbin/mysqld: Forcing close of thread 108  user: 'laravel'.
2022-02-02T13:01:37.078075-00:00 0 [System] [MY-010910] [Server] /usr/sbin/mysqld: Shutdown complete (mysqld 8.0.28)  MySQL Community Server - GPL.
